Either.inr(vague Nat, vague Trivial, sole): Either(Nat, Trivial)
Either.inl(vague Nat, vague Trivial, 1): Either(Nat, Trivial)
Either.inl(vague Nat, vague Trivial, 2): Either(Nat, Trivial)
Either.inl(vague Nat, vague Trivial, 3): Either(Nat, Trivial)
Either.inr(vague String, vague Trivial, sole): Either(String, Trivial)
Either.inl(vague String, vague Trivial, "a"): Either(String, Trivial)
Either.inl(vague String, vague Trivial, "a"): Either(String, Trivial)
Either.inl(vague String, vague Trivial, "a"): Either(String, Trivial)
Either.inr(vague List(String), vague Trivial, sole): Either(List(String), Trivial)
Either.inl(vague List(String), vague Trivial, List.null(vague String)): Either(List(String), Trivial)
Either.inl(vague List(String), vague Trivial, List.cons(vague String, "b", List.null(vague String))): Either(List(String), Trivial)
Either.inl(vague List(String), vague Trivial, List.cons(vague String, "b", List.cons(vague String, "c", List.null(vague String)))): Either(List(String), Trivial)
Either.inl(vague String, vague Trivial, "a"): Either(String, Trivial)
Either.inl(vague String, vague Trivial, "b"): Either(String, Trivial)
Either.inl(vague String, vague Trivial, "c"): Either(String, Trivial)
Either.inr(vague String, vague Trivial, sole): Either(String, Trivial)
Either.inr(vague String, vague Trivial, sole): Either(String, Trivial)
(x) => the(Absurd, x): (x: Absurd) -> Absurd
Absurd: Type
Either(Absurd, Trivial): Type
Either(Either(Absurd, Trivial), Trivial): Type
Either(Either(Either(Absurd, Trivial), Trivial), Trivial): Type
Either.inr(vague Absurd, vague Trivial, sole): Either(Absurd, Trivial)
Either.inr(vague Either(Absurd, Trivial), vague Trivial, sole): Either(Either(Absurd, Trivial), Trivial)
Either.inr(vague Either(Either(Absurd, Trivial), Trivial), vague Trivial, sole): Either(Either(Either(Absurd, Trivial), Trivial), Trivial)
Either.inr(vague Either(Either(Either(Absurd, Trivial), Trivial), Trivial), vague Trivial, sole): Either(Either(Either(Either(Absurd, Trivial), Trivial), Trivial), Trivial)
Either.inl(vague Either(Absurd, Trivial), vague Trivial, Either.inr(vague Absurd, vague Trivial, sole)): Either(Either(Absurd, Trivial), Trivial)
Either.inl(vague Either(Either(Absurd, Trivial), Trivial), vague Trivial, Either.inl(vague Either(Absurd, Trivial), vague Trivial, Either.inr(vague Absurd, vague Trivial, sole))): Either(Either(Either(Absurd, Trivial), Trivial), Trivial)
Either.inl(vague Either(Either(Either(Absurd, Trivial), Trivial), Trivial), vague Trivial, Either.inl(vague Either(Either(Absurd, Trivial), Trivial), vague Trivial, Either.inl(vague Either(Absurd, Trivial), vague Trivial, Either.inr(vague Absurd, vague Trivial, sole)))): Either(Either(Either(Either(Absurd, Trivial), Trivial), Trivial), Trivial)
Either.inl(vague Either(Either(Either(Either(Either(Either(Either(Either(Either(Either(Either(Absurd, Trivial), Trivial), Trivial), Trivial), Trivial), Trivial), Trivial), Trivial), Trivial), Trivial), Trivial), vague Trivial, Either.inr(vague Either(Either(Either(Either(Either(Either(Either(Either(Either(Either(Absurd, Trivial), Trivial), Trivial), Trivial), Trivial), Trivial), Trivial), Trivial), Trivial), Trivial), vague Trivial, sole)): Either(Either(Either(Either(Either(Either(Either(Either(Either(Either(Either(Either(Absurd, Trivial), Trivial), Trivial), Trivial), Trivial), Trivial), Trivial), Trivial), Trivial), Trivial), Trivial), Trivial)
Either.inl(vague Either(Either(Either(Either(Either(Either(Either(Either(Either(Either(Either(Either(Absurd, Trivial), Trivial), Trivial), Trivial), Trivial), Trivial), Trivial), Trivial), Trivial), Trivial), Trivial), Trivial), vague Trivial, Either.inl(vague Either(Either(Either(Either(Either(Either(Either(Either(Either(Either(Either(Absurd, Trivial), Trivial), Trivial), Trivial), Trivial), Trivial), Trivial), Trivial), Trivial), Trivial), Trivial), vague Trivial, Either.inr(vague Either(Either(Either(Either(Either(Either(Either(Either(Either(Either(Absurd, Trivial), Trivial), Trivial), Trivial), Trivial), Trivial), Trivial), Trivial), Trivial), Trivial), vague Trivial, sole))): Either(Either(Either(Either(Either(Either(Either(Either(Either(Either(Either(Either(Either(Absurd, Trivial), Trivial), Trivial), Trivial), Trivial), Trivial), Trivial), Trivial), Trivial), Trivial), Trivial), Trivial), Trivial)
Either.inl(vague Either(Either(Either(Either(Either(Either(Either(Either(Either(Either(Either(Either(Either(Absurd, Trivial), Trivial), Trivial), Trivial), Trivial), Trivial), Trivial), Trivial), Trivial), Trivial), Trivial), Trivial), Trivial), vague Trivial, Either.inl(vague Either(Either(Either(Either(Either(Either(Either(Either(Either(Either(Either(Either(Absurd, Trivial), Trivial), Trivial), Trivial), Trivial), Trivial), Trivial), Trivial), Trivial), Trivial), Trivial), Trivial), vague Trivial, Either.inl(vague Either(Either(Either(Either(Either(Either(Either(Either(Either(Either(Either(Absurd, Trivial), Trivial), Trivial), Trivial), Trivial), Trivial), Trivial), Trivial), Trivial), Trivial), Trivial), vague Trivial, Either.inr(vague Either(Either(Either(Either(Either(Either(Either(Either(Either(Either(Absurd, Trivial), Trivial), Trivial), Trivial), Trivial), Trivial), Trivial), Trivial), Trivial), Trivial), vague Trivial, sole)))): Either(Either(Either(Either(Either(Either(Either(Either(Either(Either(Either(Either(Either(Either(Absurd, Trivial), Trivial), Trivial), Trivial), Trivial), Trivial), Trivial), Trivial), Trivial), Trivial), Trivial), Trivial), Trivial), Trivial)
"a": String
"b": String
"c": String
Either(Trivial, Trivial): Type
(_: Either(Trivial, Trivial)) -> Either(Trivial, Trivial): Type
(_: Either(Trivial, Trivial), _1: Either(Trivial, Trivial)) -> Either(Trivial, Trivial): Type
Either.inr(vague Trivial, vague Trivial, sole): Either(Trivial, Trivial)
Either.inr(vague Trivial, vague Trivial, sole): Either(Trivial, Trivial)
Either.inr(vague Trivial, vague Trivial, sole): Either(Trivial, Trivial)
Either.inl(vague Trivial, vague Trivial, sole): Either(Trivial, Trivial)
Either.inl(vague Trivial, vague Trivial, sole): Either(Trivial, Trivial)
Either.inl(vague Trivial, vague Trivial, sole): Either(Trivial, Trivial)